<?xml version="1.0" encoding="UTF-8"?>
<testsuite xmlns:xsi="http://www.w3.org/2001/XMLSchema-instance" xsi:schemaLocation="https://maven.apache.org/surefire/maven-surefire-plugin/xsd/surefire-test-report.xsd" name="TestSuite" time="96.98" tests="1" errors="0" skipped="0" failures="0">
  <properties>
    <property name="java.vendor" value="Oracle Corporation"/>
    <property name="JOB_NAME" value="mercuryTest"/>
    <property name="localRepository" value="C:\Users\Jagadish\.m2\repository"/>
    <property name="sun.java.launcher" value="SUN_STANDARD"/>
    <property name="NUMBER_OF_PROCESSORS" value="2"/>
    <property name="sun.management.compiler" value="HotSpot Client Compiler"/>
    <property name="JENKINS_HOME" value="C:\Users\Jagadish\.jenkins"/>
    <property name="jnidispatch.path" value="C:\Users\Jagadish\AppData\Local\Temp\jna--946042485\jna7971535964563612510.dll"/>
    <property name="HUDSON_SERVER_COOKIE" value="bf79624cbbed295f"/>
    <property name="POM_ARTIFACTID" value="MavenProject"/>
    <property name="os.name" value="Windows 7"/>
    <property name="sun.boot.class.path" value="C:\Program Files\Java\jdk1.8.0_77\jre\lib\resources.jar;C:\Program Files\Java\jdk1.8.0_77\jre\lib\rt.jar;C:\Program Files\Java\jdk1.8.0_77\jre\lib\sunrsasign.jar;C:\Program Files\Java\jdk1.8.0_77\jre\lib\jsse.jar;C:\Program Files\Java\jdk1.8.0_77\jre\lib\jce.jar;C:\Program Files\Java\jdk1.8.0_77\jre\lib\charsets.jar;C:\Program Files\Java\jdk1.8.0_77\jre\lib\jfr.jar;C:\Program Files\Java\jdk1.8.0_77\jre\classes"/>
    <property name="EXECUTOR_NUMBER" value="0"/>
    <property name="sun.desktop" value="windows"/>
    <property name="PATHEXT" value=".COM;.EXE;.BAT;.CMD;.VBS;.VBE;.JS;.JSE;.WSF;.WSH;.MSC"/>
    <property name="java.vm.specification.vendor" value="Oracle Corporation"/>
    <property name="POM_DISPLAYNAME" value="MavenProject"/>
    <property name="NODE_LABELS" value="master"/>
    <property name="TEMP" value="C:\Users\Jagadish\AppData\Local\Temp"/>
    <property name="java.runtime.version" value="1.8.0_77-b03"/>
    <property name="user.name" value="Jagadish"/>
    <property name="guice.disable.misplaced.annotation.check" value="true"/>
    <property name="ProgramFiles" value="C:\Program Files"/>
    <property name="PROMPT" value="$P$G"/>
    <property name="user.language" value="en"/>
    <property name="BUILD_DISPLAY_NAME" value="#6"/>
    <property name="sun.boot.library.path" value="C:\Program Files\Java\jdk1.8.0_77\jre\bin"/>
    <property name="LOCALAPPDATA" value="C:\Users\Jagadish\AppData\Local"/>
    <property name="java.version" value="1.8.0_77"/>
    <property name="PROCESSOR_LEVEL" value="20"/>
    <property name="user.timezone" value="Asia/Calcutta"/>
    <property name="USERNAME" value="Jagadish"/>
    <property name="sun.arch.data.model" value="32"/>
    <property name="NODE_NAME" value="master"/>
    <property name="java.endorsed.dirs" value="C:\Program Files\Java\jdk1.8.0_77\jre\lib\endorsed"/>
    <property name="BUILD_ID" value="6"/>
    <property name="sun.cpu.isalist" value=""/>
    <property name="sun.jnu.encoding" value="Cp1252"/>
    <property name="file.encoding.pkg" value="sun.io"/>
    <property name="file.separator" value="\"/>
    <property name="java.specification.name" value="Java Platform API Specification"/>
    <property name="HOMEDRIVE" value="C:"/>
    <property name="java.class.version" value="52.0"/>
    <property name="org.slf4j.simpleLogger.defaultLogLevel" value="info"/>
    <property name="user.country" value="US"/>
    <property name="ALLUSERSPROFILE" value="C:\ProgramData"/>
    <property name="java.home" value="C:\Program Files\Java\jdk1.8.0_77\jre"/>
    <property name="java.vm.info" value="mixed mode, sharing"/>
    <property name="os.version" value="6.1"/>
    <property name="POM_VERSION" value="1.0-SNAPSHOT"/>
    <property name="TMP" value="C:\Users\Jagadish\AppData\Local\Temp"/>
    <property name="path.separator" value=";"/>
    <property name="java.vm.version" value="25.77-b03"/>
    <property name="user.variant" value=""/>
    <property name="java.awt.printerjob" value="sun.awt.windows.WPrinterJob"/>
    <property name="FP_NO_HOST_CHECK" value="NO"/>
    <property name="JAVA_HOME" value="C:\Program Files\Java\jdk1.8.0_77"/>
    <property name="sun.io.unicode.encoding" value="UnicodeLittle"/>
    <property name="CommonProgramFiles" value="C:\Program Files\Common Files"/>
    <property name="ComSpec" value="C:\Windows\system32\cmd.exe"/>
    <property name="HOMEPATH" value="\Users\Jagadish"/>
    <property name="awt.toolkit" value="sun.awt.windows.WToolkit"/>
    <property name="POM_PACKAGING" value="jar"/>
    <property name="HOME" value="C:\Users\Jagadish"/>
    <property name="COMPUTERNAME" value="JAGADISH-PC"/>
    <property name="user.script" value=""/>
    <property name="POM_GROUPID" value="com.training"/>
    <property name="PUBLIC" value="C:\Users\Public"/>
    <property name="user.home" value="C:\Users\Jagadish"/>
    <property name="BUILD_TAG" value="jenkins-mercuryTest-6"/>
    <property name="JENKINS_SERVER_COOKIE" value="bf79624cbbed295f"/>
    <property name="=E:" value="E:\Selenium-Workspace\Jenkins"/>
    <property name="HUDSON_URL" value="http://localhost:8080/"/>
    <property name="ProgramData" value="C:\ProgramData"/>
    <property name="java.specification.vendor" value="Oracle Corporation"/>
    <property name="USERPROFILE" value="C:\Users\Jagadish"/>
    <property name="CLASSPATH" value=""/>
    <property name="java.vendor.url" value="http://java.oracle.com/"/>
    <property name="java.library.path" value="C:\Program Files\Java\jdk1.8.0_77\bin;C:\Windows\Sun\Java\bin;C:\Windows\system32;C:\Windows;E:\Selenium-Workspace\Maven\apache-maven/bin;C:\Program Files\Java\jdk1.8.0_77/bin;C:\Program Files\Java\jdk1.8.0_77/bin;C:\Program Files\Common Files\Microsoft Shared\Windows Live;C:\ProgramData\Oracle\Java\javapath;C:\Windows\system32;C:\Windows;C:\Windows\System32\Wbem;C:\Windows\System32\WindowsPowerShell\v1.0\;C:\Program Files\AMD\ATI.ACE\Core-Static;C:\Program Files\Skype\Phone\;C:\Program Files\Windows Live\Shared;E:\Selenium-Workspace\Maven\apache-maven\bin;."/>
    <property name="java.vm.vendor" value="Oracle Corporation"/>
    <property name="APPDATA" value="C:\Users\Jagadish\AppData\Roaming"/>
    <property name="java.runtime.name" value="Java(TM) SE Runtime Environment"/>
    <property name="maven.home" value="E:\Selenium-Workspace\Maven\apache-maven"/>
    <property name="java.class.path" value="C:\Users\Jagadish\.jenkins\plugins\maven-plugin\WEB-INF\lib\maven31-agent-1.5.jar;E:\Selenium-Workspace\Maven\apache-maven\boot\plexus-classworlds-2.5.2.jar;E:\Selenium-Workspace\Maven\apache-maven/conf/logging"/>
    <property name="sun.java.command" value="jenkins.maven3.agent.Maven31Main E:\Selenium-Workspace\Maven\apache-maven C:\Users\Jagadish\.jenkins\war\WEB-INF\lib\remoting-2.53.3.jar C:\Users\Jagadish\.jenkins\plugins\maven-plugin\WEB-INF\lib\maven31-interceptor-1.5.jar C:\Users\Jagadish\.jenkins\plugins\maven-plugin\WEB-INF\lib\maven3-interceptor-commons-1.5.jar 59154"/>
    <property name="Path" value="C:\Program Files\Java\jdk1.8.0_77/bin;C:\Program Files\Common Files\Microsoft Shared\Windows Live;C:\ProgramData\Oracle\Java\javapath;C:\Windows\system32;C:\Windows;C:\Windows\System32\Wbem;C:\Windows\System32\WindowsPowerShell\v1.0\;C:\Program Files\AMD\ATI.ACE\Core-Static;C:\Program Files\Skype\Phone\;C:\Program Files\Windows Live\Shared;E:\Selenium-Workspace\Maven\apache-maven\bin"/>
    <property name="java.vm.specification.name" value="Java Virtual Machine Specification"/>
    <property name="PROCESSOR_ARCHITECTURE" value="x86"/>
    <property name="PATH+JDK" value="C:\Program Files\Java\jdk1.8.0_77/bin"/>
    <property name="PROCESSOR_IDENTIFIER" value="x86 Family 20 Model 2 Stepping 0, AuthenticAMD"/>
    <property name="java.vm.specification.version" value="1.8"/>
    <property name="sun.os.patch.level" value=""/>
    <property name="sun.cpu.endian" value="little"/>
    <property name="M2_HOME" value="E:\Selenium-Workspace\Maven\apache-maven"/>
    <property name="surefire.test.class.path" value="E:\Selenium-Workspace\MavenProject\target\test-classes;E:\Selenium-Workspace\MavenProject\target\classes;C:\Users\Jagadish\.m2\repository\net\sourceforge\jexcelapi\jxl\2.6.12\jxl-2.6.12.jar;C:\Users\Jagadish\.m2\repository\log4j\log4j\1.2.14\log4j-1.2.14.jar;C:\Users\Jagadish\.m2\repository\org\testng\testng\6.9.10\testng-6.9.10.jar;C:\Users\Jagadish\.m2\repository\com\beust\jcommander\1.48\jcommander-1.48.jar;C:\Users\Jagadish\.m2\repository\org\beanshell\bsh\2.0b4\bsh-2.0b4.jar;C:\Users\Jagadish\.m2\repository\org\seleniumhq\selenium\selenium-java\2.53.0\selenium-java-2.53.0.jar;C:\Users\Jagadish\.m2\repository\org\seleniumhq\selenium\selenium-chrome-driver\2.53.0\selenium-chrome-driver-2.53.0.jar;C:\Users\Jagadish\.m2\repository\org\seleniumhq\selenium\selenium-remote-driver\2.53.0\selenium-remote-driver-2.53.0.jar;C:\Users\Jagadish\.m2\repository\cglib\cglib-nodep\2.1_3\cglib-nodep-2.1_3.jar;C:\Users\Jagadish\.m2\repository\com\google\code\gson\gson\2.3.1\gson-2.3.1.jar;C:\Users\Jagadish\.m2\repository\org\seleniumhq\selenium\selenium-api\2.53.0\selenium-api-2.53.0.jar;C:\Users\Jagadish\.m2\repository\org\apache\httpcomponents\httpclient\4.5.1\httpclient-4.5.1.jar;C:\Users\Jagadish\.m2\repository\org\apache\httpcomponents\httpcore\4.4.3\httpcore-4.4.3.jar;C:\Users\Jagadish\.m2\repository\commons-logging\commons-logging\1.2\commons-logging-1.2.jar;C:\Users\Jagadish\.m2\repository\commons-codec\commons-codec\1.9\commons-codec-1.9.jar;C:\Users\Jagadish\.m2\repository\com\google\guava\guava\19.0\guava-19.0.jar;C:\Users\Jagadish\.m2\repository\org\seleniumhq\selenium\selenium-edge-driver\2.53.0\selenium-edge-driver-2.53.0.jar;C:\Users\Jagadish\.m2\repository\commons-io\commons-io\2.4\commons-io-2.4.jar;C:\Users\Jagadish\.m2\repository\org\apache\commons\commons-exec\1.3\commons-exec-1.3.jar;C:\Users\Jagadish\.m2\repository\org\seleniumhq\selenium\selenium-firefox-driver\2.53.0\selenium-firefox-driver-2.53.0.jar;C:\Users\Jagadish\.m2\repository\org\seleniumhq\selenium\selenium-ie-driver\2.53.0\selenium-ie-driver-2.53.0.jar;C:\Users\Jagadish\.m2\repository\net\java\dev\jna\jna\4.1.0\jna-4.1.0.jar;C:\Users\Jagadish\.m2\repository\net\java\dev\jna\jna-platform\4.1.0\jna-platform-4.1.0.jar;C:\Users\Jagadish\.m2\repository\org\seleniumhq\selenium\selenium-safari-driver\2.53.0\selenium-safari-driver-2.53.0.jar;C:\Users\Jagadish\.m2\repository\io\netty\netty\3.5.7.Final\netty-3.5.7.Final.jar;C:\Users\Jagadish\.m2\repository\org\seleniumhq\selenium\selenium-support\2.53.0\selenium-support-2.53.0.jar;C:\Users\Jagadish\.m2\repository\org\seleniumhq\selenium\selenium-leg-rc\2.53.0\selenium-leg-rc-2.53.0.jar;C:\Users\Jagadish\.m2\repository\org\apache\maven\surefire\surefire-testng-utils\2.19.1\surefire-testng-utils-2.19.1.jar;C:\Users\Jagadish\.m2\repository\org\apache\maven\surefire\surefire-grouper\2.19.1\surefire-grouper-2.19.1.jar;"/>
    <property name="java.io.tmpdir" value="C:\Users\Jagadish\AppData\Local\Temp\"/>
    <property name="OS" value="Windows_NT"/>
    <property name="HUDSON_HOME" value="C:\Users\Jagadish\.jenkins"/>
    <property name="PATH+MAVEN" value="E:\Selenium-Workspace\Maven\apache-maven/bin"/>
    <property name="BUILD_URL" value="http://localhost:8080/job/mercuryTest/6/"/>
    <property name="java.vendor.url.bug" value="http://bugreport.sun.com/bugreport/"/>
    <property name="java.awt.graphicsenv" value="sun.awt.Win32GraphicsEnvironment"/>
    <property name="os.arch" value="x86"/>
    <property name="SystemRoot" value="C:\Windows"/>
    <property name="java.ext.dirs" value="C:\Program Files\Java\jdk1.8.0_77\jre\lib\ext;C:\Windows\Sun\Java\lib\ext"/>
    <property name="user.dir" value="E:\Selenium-Workspace\MavenProject"/>
    <property name="JOB_URL" value="http://localhost:8080/job/mercuryTest/"/>
    <property name="LOGONSERVER" value="\\JAGADISH-PC"/>
    <property name="USERDOMAIN" value="Jagadish-PC"/>
    <property name="line.separator" value="&#10;"/>
    <property name="MAVEN_HOME" value="E:\Selenium-Workspace\Maven\apache-maven"/>
    <property name="java.vm.name" value="Java HotSpot(TM) Client VM"/>
    <property name="BUILD_NUMBER" value="6"/>
    <property name="JENKINS_URL" value="http://localhost:8080/"/>
    <property name="PROCESSOR_REVISION" value="0200"/>
    <property name="basedir" value="E:\Selenium-Workspace\MavenProject"/>
    <property name="windir" value="C:\Windows"/>
    <property name="=C:" value="C:\Windows\System32"/>
    <property name="file.encoding" value="Cp1252"/>
    <property name="SystemDrive" value="C:"/>
    <property name="maven3.interceptor" value="C:\Users\Jagadish\.jenkins\plugins\maven-plugin\WEB-INF\lib\maven31-interceptor-1.5.jar"/>
    <property name="WORKSPACE" value="C:\Users\Jagadish\.jenkins\jobs\mercuryTest\workspace"/>
    <property name="maven3.interceptor.common" value="C:\Users\Jagadish\.jenkins\plugins\maven-plugin\WEB-INF\lib\maven3-interceptor-commons-1.5.jar"/>
    <property name="java.specification.version" value="1.8"/>
    <property name="PSModulePath" value="C:\Windows\system32\WindowsPowerShell\v1.0\Modules\"/>
  </properties>
  <testcase name="registerUser" classname="com.mercury.testcases.RegisterTest" time="61.022"/>
</testsuite>