<?xml version="1.0" encoding="UTF-8"?>
<!-- Generated by org.testng.reporters.JUnitReportReporter -->
<testsuite hostname="Jagadish-PC" name="com.mercury.testcases.RegisterTest" tests="1" failures="0" timestamp="6 Apr 2016 12:09:59 GMT" time="61.021" errors="0">
  <testcase name="registerUser" time="61.021" classname="com.mercury.testcases.RegisterTest"/>
</testsuite> <!-- com.mercury.testcases.RegisterTest -->
