<?xml version="1.0" encoding="UTF-8"?>
<!-- Generated by org.testng.reporters.JUnitReportReporter -->
<testsuite hostname="Jagadish-PC" name="com.yupptv.testcases.LangTest" tests="1" failures="0" timestamp="12 Apr 2016 07:27:10 GMT" time="4.336" errors="0">
  <testcase name="selectLang" time="4.336" classname="com.yupptv.testcases.LangTest"/>
</testsuite> <!-- com.yupptv.testcases.LangTest -->
