<?xml version="1.0" encoding="UTF-8"?>
<!-- Generated by org.testng.reporters.JUnitReportReporter -->
<testsuite hostname="Jagadish-PC" name="org.maven.LoginTest" tests="1" failures="0" timestamp="5 Apr 2016 06:22:19 GMT" time="26.963" errors="0">
  <testcase name="loginOnActiTimeApp" time="26.963" classname="org.maven.LoginTest"/>
</testsuite> <!-- org.maven.LoginTest -->
