<?xml version="1.0" encoding="UTF-8"?>
<!-- Generated by org.testng.reporters.JUnitReportReporter -->
<testsuite hostname="Jagadish-PC" name="com.mercury.testcases.RegisterTest" tests="1" failures="0" timestamp="8 Apr 2016 07:15:58 GMT" time="47.174" errors="0">
  <testcase name="registerUser" time="47.174" classname="com.mercury.testcases.RegisterTest"/>
</testsuite> <!-- com.mercury.testcases.RegisterTest -->
